16:10:19 INFO  : Launching XSDB server: xsdb -n /mnt/seagate/Installed/Xilinx/SDK/2015.4/scripts/xsdb/xsdb/xsdb-server.tcl
16:10:27 INFO  : XSDB server has started successfully.
16:10:30 INFO  : Processing command line option -hwspec /mnt/seagate/Development/FPGA/MB_LED/MB_LED.sdk/design_gpio_led_wrapper.hdf.
16:15:26 INFO  : Connected to target on host '127.0.0.1' and port '3121'.
16:15:26 INFO  : 'targets -set -filter {jtag_cable_name =~ "Digilent Nexys4DDR 210292743973A" && level==0} -index 0' command is executed.
16:15:28 INFO  : FPGA configured successfully with bitstream "/mnt/seagate/Development/FPGA/MB_LED/MB_LED.sdk/design_gpio_led_wrapper_hw_platform_0/download.bit"
16:17:04 ERROR : Unexpected error while launching program.
java.lang.RuntimeException: Error in Resetting Target
MicroBlaze is not being clocked. Check if the Clock input to MicroBlaze and its Bus Interfaces are connected properly
    

	at com.xilinx.sdk.targetmanager.internal.TM.doProcessorReset(TM.java:1011)
	at com.xilinx.sdk.debug.core.XilinxAppLaunchConfigurationDelegate.runTargetSetup(XilinxAppLaunchConfigurationDelegate.java:455)
	at com.xilinx.sdk.debug.core.XilinxAppLaunchConfigurationDelegate.runApplication(XilinxAppLaunchConfigurationDelegate.java:616)
	at com.xilinx.sdk.debug.core.XilinxAppLaunchConfigurationDelegate.launch(XilinxAppLaunchConfigurationDelegate.java:309)
	at com.xilinx.sdk.debug.ui.XilinxAppLaunchDelegateWrapper.launch(XilinxAppLaunchDelegateWrapper.java:31)
	at org.eclipse.debug.internal.core.LaunchConfiguration.launch(LaunchConfiguration.java:858)
	at org.eclipse.debug.internal.core.LaunchConfiguration.launch(LaunchConfiguration.java:707)
	at org.eclipse.debug.internal.ui.DebugUIPlugin.buildAndLaunch(DebugUIPlugin.java:1018)
	at org.eclipse.debug.internal.ui.DebugUIPlugin$8.run(DebugUIPlugin.java:1222)
	at org.eclipse.core.internal.jobs.Worker.run(Worker.java:53)
16:21:05 ERROR : Unexpected error while parsing XMD response ￿: com.google.gson.JsonSyntaxException: com.google.gson.stream.MalformedJsonException: invalid number or unquoted string near 
16:25:11 INFO  : Launching XSDB server: xsdb -n /mnt/seagate/Installed/Xilinx/SDK/2015.4/scripts/xsdb/xsdb/xsdb-server.tcl
16:25:12 INFO  : XSDB server has started successfully.
16:25:13 INFO  : Processing command line option -hwspec /mnt/seagate/Development/FPGA/MB_LED/MB_LED.sdk/design_gpio_led_wrapper.hdf.
16:25:14 INFO  : Checking for hwspec changes in the project design_gpio_led_wrapper_hw_platform_0.
16:25:14 INFO  : SDK has detected change in the last modified timestamps for source hardware specification file Source:1451834682000,  Project:1451833712000
16:25:14 INFO  : The hardware specification for project 'design_gpio_led_wrapper_hw_platform_0' is different from /mnt/seagate/Development/FPGA/MB_LED/MB_LED.sdk/design_gpio_led_wrapper.hdf.
16:25:14 INFO  : Copied contents of /mnt/seagate/Development/FPGA/MB_LED/MB_LED.sdk/design_gpio_led_wrapper.hdf into /design_gpio_led_wrapper_hw_platform_0/system.hdf.
16:25:15 INFO  : Synchronizing projects in the workspace with the hardware platform specification changes.
16:25:16 INFO  : 
16:25:17 INFO  : Updating hardware inferred compiler options for hello_world.
16:25:17 INFO  : Clearing existing target manager status.
16:25:20 INFO  : Workspace synchronized with the new hardware specification file. Cleaning dependent projects...
16:25:20 WARN  : Linker script will not be updated automatically. Users need to update it manually.
16:25:45 INFO  : Connected to target on host '127.0.0.1' and port '3121'.
16:25:45 INFO  : 'targets -set -filter {jtag_cable_name =~ "Digilent Nexys4DDR 210292743973A" && level==0} -index 0' command is executed.
16:25:48 INFO  : FPGA configured successfully with bitstream "/mnt/seagate/Development/FPGA/MB_LED/MB_LED.sdk/design_gpio_led_wrapper_hw_platform_0/download.bit"
16:26:38 ERROR : Unexpected error while launching program.
java.lang.RuntimeException: Error in Resetting Target
MicroBlaze is not being clocked. Check if the Clock input to MicroBlaze and its Bus Interfaces are connected properly
    

	at com.xilinx.sdk.targetmanager.internal.TM.doProcessorReset(TM.java:1011)
	at com.xilinx.sdk.debug.core.XilinxAppLaunchConfigurationDelegate.runTargetSetup(XilinxAppLaunchConfigurationDelegate.java:455)
	at com.xilinx.sdk.debug.core.XilinxAppLaunchConfigurationDelegate.runApplication(XilinxAppLaunchConfigurationDelegate.java:616)
	at com.xilinx.sdk.debug.core.XilinxAppLaunchConfigurationDelegate.launch(XilinxAppLaunchConfigurationDelegate.java:309)
	at com.xilinx.sdk.debug.ui.XilinxAppLaunchDelegateWrapper.launch(XilinxAppLaunchDelegateWrapper.java:31)
	at org.eclipse.debug.internal.core.LaunchConfiguration.launch(LaunchConfiguration.java:858)
	at org.eclipse.debug.internal.core.LaunchConfiguration.launch(LaunchConfiguration.java:707)
	at org.eclipse.debug.internal.ui.DebugUIPlugin.buildAndLaunch(DebugUIPlugin.java:1018)
	at org.eclipse.debug.internal.ui.DebugUIPlugin$8.run(DebugUIPlugin.java:1222)
	at org.eclipse.core.internal.jobs.Worker.run(Worker.java:53)
16:49:48 INFO  : SDK has detected change in the last modified timestamps for source hardware specification file Source:1451835409000,  Project:1451834682000
16:49:48 INFO  : Project design_gpio_led_wrapper_hw_platform_0's source hardware specification located at /mnt/seagate/Development/FPGA/MB_LED/MB_LED.sdk/design_gpio_led_wrapper.hdf is now different from the local copy.
		 The local copy will be replaced with the source specification and your workspace will be updated.
16:49:58 INFO  : Copied contents of /mnt/seagate/Development/FPGA/MB_LED/MB_LED.sdk/design_gpio_led_wrapper.hdf into /design_gpio_led_wrapper_hw_platform_0/system.hdf.
16:49:59 INFO  : Synchronizing projects in the workspace with the hardware platform specification changes.
16:50:00 INFO  : 
16:50:02 INFO  : Updating hardware inferred compiler options for hello_world.
16:50:02 INFO  : Clearing existing target manager status.
16:50:02 INFO  : Workspace synchronized with the new hardware specification file. Cleaning dependent projects...
16:50:03 WARN  : Linker script will not be updated automatically. Users need to update it manually.
16:50:28 INFO  : Connected to target on host '127.0.0.1' and port '3121'.
16:50:28 INFO  : 'targets -set -filter {jtag_cable_name =~ "Digilent Nexys4DDR 210292743973A" && level==0} -index 0' command is executed.
16:50:30 INFO  : FPGA configured successfully with bitstream "/mnt/seagate/Development/FPGA/MB_LED/MB_LED.sdk/design_gpio_led_wrapper_hw_platform_0/download.bit"
16:51:29 ERROR : Unexpected error while parsing XMD response ￿: com.google.gson.JsonSyntaxException: com.google.gson.stream.MalformedJsonException: invalid number or unquoted string near 
16:52:29 INFO  : Time out for XMD transaction is 60000
If you want to increase the timeout value, goto Windows-> Preferences -> Xilinx SDK -> XMD Startup
16:52:29 ERROR : Timeout occured while waiting to get reply for command "xconnect mb mdm -cable type xilinx_tcf url TCP:localhost:3121 -debugdevice deviceNr 1"
16:52:29 ERROR : Unexpected error while launching program.
com.xilinx.sdk.targetmanager.TMException: 
	at com.xilinx.sdk.targetmanager.internal.TM.connectToProcessor(TM.java:484)
	at com.xilinx.sdk.debug.core.XilinxAppLaunchConfigurationDelegate.runTargetSetup(XilinxAppLaunchConfigurationDelegate.java:451)
	at com.xilinx.sdk.debug.core.XilinxAppLaunchConfigurationDelegate.runApplication(XilinxAppLaunchConfigurationDelegate.java:616)
	at com.xilinx.sdk.debug.core.XilinxAppLaunchConfigurationDelegate.launch(XilinxAppLaunchConfigurationDelegate.java:309)
	at com.xilinx.sdk.debug.ui.XilinxAppLaunchDelegateWrapper.launch(XilinxAppLaunchDelegateWrapper.java:31)
	at org.eclipse.debug.internal.core.LaunchConfiguration.launch(LaunchConfiguration.java:858)
	at org.eclipse.debug.internal.core.LaunchConfiguration.launch(LaunchConfiguration.java:707)
	at org.eclipse.debug.internal.ui.DebugUIPlugin.buildAndLaunch(DebugUIPlugin.java:1018)
	at org.eclipse.debug.internal.ui.DebugUIPlugin$8.run(DebugUIPlugin.java:1222)
	at org.eclipse.core.internal.jobs.Worker.run(Worker.java:53)
17:00:21 INFO  : Launching XSDB server: xsdb -n /mnt/seagate/Installed/Xilinx/SDK/2015.4/scripts/xsdb/xsdb/xsdb-server.tcl
17:00:22 INFO  : XSDB server has started successfully.
17:00:22 INFO  : Processing command line option -hwspec /mnt/seagate/Development/FPGA/MB_LED/MB_LED.sdk/design_gpio_led_wrapper.hdf.
17:00:22 INFO  : Checking for hwspec changes in the project design_gpio_led_wrapper_hw_platform_0.
17:00:54 ERROR : Unexpected error while launching program.
com.xilinx.sdk.targetmanager.TMException: Could not detect MDM peripheral on hardware. Please check:
    1. If FPGA is configured correctly
    2. MDM Core is instantiated in the design
    3. If the correct FPGA is referred, in case of multiple FPGAs
    4. If the correct MDM is referred, in case of a multiple MDM system
    

	at com.xilinx.sdk.targetmanager.internal.TM.connectToProcessor(TM.java:484)
	at com.xilinx.sdk.debug.core.XilinxAppLaunchConfigurationDelegate.runTargetSetup(XilinxAppLaunchConfigurationDelegate.java:451)
	at com.xilinx.sdk.debug.core.XilinxAppLaunchConfigurationDelegate.runApplication(XilinxAppLaunchConfigurationDelegate.java:616)
	at com.xilinx.sdk.debug.core.XilinxAppLaunchConfigurationDelegate.launch(XilinxAppLaunchConfigurationDelegate.java:309)
	at com.xilinx.sdk.debug.ui.XilinxAppLaunchDelegateWrapper.launch(XilinxAppLaunchDelegateWrapper.java:31)
	at org.eclipse.debug.internal.core.LaunchConfiguration.launch(LaunchConfiguration.java:858)
	at org.eclipse.debug.internal.core.LaunchConfiguration.launch(LaunchConfiguration.java:707)
	at org.eclipse.debug.internal.ui.DebugUIPlugin.buildAndLaunch(DebugUIPlugin.java:1018)
	at org.eclipse.debug.internal.ui.DebugUIPlugin$8.run(DebugUIPlugin.java:1222)
	at org.eclipse.core.internal.jobs.Worker.run(Worker.java:53)
17:04:26 INFO  : Connected to target on host '127.0.0.1' and port '3121'.
17:04:26 INFO  : 'targets -set -filter {jtag_cable_name =~ "Digilent Nexys4DDR 210292743973A" && level==0} -index 0' command is executed.
17:04:28 INFO  : FPGA configured successfully with bitstream "/mnt/seagate/Development/FPGA/MB_LED/MB_LED.sdk/design_gpio_led_wrapper_hw_platform_0/download.bit"
17:04:38 ERROR : Unexpected error while launching program.
java.lang.RuntimeException: Error in Resetting Target
MicroBlaze is not being clocked. Check if the Clock input to MicroBlaze and its Bus Interfaces are connected properly
    

	at com.xilinx.sdk.targetmanager.internal.TM.doSystemReset(TM.java:988)
	at com.xilinx.sdk.debug.core.XilinxAppLaunchConfigurationDelegate.runTargetSetup(XilinxAppLaunchConfigurationDelegate.java:453)
	at com.xilinx.sdk.debug.core.XilinxAppLaunchConfigurationDelegate.runApplication(XilinxAppLaunchConfigurationDelegate.java:616)
	at com.xilinx.sdk.debug.core.XilinxAppLaunchConfigurationDelegate.launch(XilinxAppLaunchConfigurationDelegate.java:309)
	at com.xilinx.sdk.debug.ui.XilinxAppLaunchDelegateWrapper.launch(XilinxAppLaunchDelegateWrapper.java:31)
	at org.eclipse.debug.internal.core.LaunchConfiguration.launch(LaunchConfiguration.java:858)
	at org.eclipse.debug.internal.core.LaunchConfiguration.launch(LaunchConfiguration.java:707)
	at org.eclipse.debug.internal.ui.DebugUIPlugin.buildAndLaunch(DebugUIPlugin.java:1018)
	at org.eclipse.debug.internal.ui.DebugUIPlugin$8.run(DebugUIPlugin.java:1222)
	at org.eclipse.core.internal.jobs.Worker.run(Worker.java:53)
17:05:22 ERROR : Unexpected error while launching program.
java.lang.RuntimeException: Error in Resetting Target
MicroBlaze is not being clocked. Check if the Clock input to MicroBlaze and its Bus Interfaces are connected properly
    

	at com.xilinx.sdk.targetmanager.internal.TM.doSystemReset(TM.java:988)
	at com.xilinx.sdk.debug.core.XilinxAppLaunchConfigurationDelegate.runTargetSetup(XilinxAppLaunchConfigurationDelegate.java:453)
	at com.xilinx.sdk.debug.core.XilinxAppLaunchConfigurationDelegate.runApplication(XilinxAppLaunchConfigurationDelegate.java:616)
	at com.xilinx.sdk.debug.core.XilinxAppLaunchConfigurationDelegate.launch(XilinxAppLaunchConfigurationDelegate.java:309)
	at com.xilinx.sdk.debug.ui.XilinxAppLaunchDelegateWrapper.launch(XilinxAppLaunchDelegateWrapper.java:31)
	at org.eclipse.debug.internal.core.LaunchConfiguration.launch(LaunchConfiguration.java:858)
	at org.eclipse.debug.internal.core.LaunchConfiguration.launch(LaunchConfiguration.java:707)
	at org.eclipse.debug.internal.ui.DebugUIPlugin.buildAndLaunch(DebugUIPlugin.java:1018)
	at org.eclipse.debug.internal.ui.DebugUIPlugin$8.run(DebugUIPlugin.java:1222)
	at org.eclipse.core.internal.jobs.Worker.run(Worker.java:53)
17:05:39 INFO  : System reset is completed.
17:19:03 INFO  : SDK has detected change in the last modified timestamps for source hardware specification file Source:1451837844000,  Project:1451835409000
17:19:03 INFO  : Project design_gpio_led_wrapper_hw_platform_0's source hardware specification located at /mnt/seagate/Development/FPGA/MB_LED/MB_LED.sdk/design_gpio_led_wrapper.hdf is now different from the local copy.
		 The local copy will be replaced with the source specification and your workspace will be updated.
17:19:06 INFO  : Project design_gpio_led_wrapper_hw_platform_0's source hardware specification location will not be monitored anymore.
17:19:13 ERROR : Unexpected error while parsing XMD response ￿: com.google.gson.JsonSyntaxException: com.google.gson.stream.MalformedJsonException: invalid number or unquoted string near 
17:19:35 INFO  : Launching XSDB server: xsdb -n /mnt/seagate/Installed/Xilinx/SDK/2015.4/scripts/xsdb/xsdb/xsdb-server.tcl
17:19:37 INFO  : XSDB server has started successfully.
17:19:39 INFO  : Processing command line option -hwspec /mnt/seagate/Development/FPGA/MB_LED/MB_LED.sdk/design_gpio_led_wrapper.hdf.
17:19:59 ERROR : Unexpected error while launching program.
java.lang.RuntimeException: Error in Resetting Target
MicroBlaze is not being clocked. Check if the Clock input to MicroBlaze and its Bus Interfaces are connected properly
    

	at com.xilinx.sdk.targetmanager.internal.TM.doProcessorReset(TM.java:1011)
	at com.xilinx.sdk.debug.core.XilinxAppLaunchConfigurationDelegate.runTargetSetup(XilinxAppLaunchConfigurationDelegate.java:455)
	at com.xilinx.sdk.debug.core.XilinxAppLaunchConfigurationDelegate.runApplication(XilinxAppLaunchConfigurationDelegate.java:616)
	at com.xilinx.sdk.debug.core.XilinxAppLaunchConfigurationDelegate.launch(XilinxAppLaunchConfigurationDelegate.java:309)
	at com.xilinx.sdk.debug.ui.XilinxAppLaunchDelegateWrapper.launch(XilinxAppLaunchDelegateWrapper.java:31)
	at org.eclipse.debug.internal.core.LaunchConfiguration.launch(LaunchConfiguration.java:858)
	at org.eclipse.debug.internal.core.LaunchConfiguration.launch(LaunchConfiguration.java:707)
	at org.eclipse.debug.internal.ui.DebugUIPlugin.buildAndLaunch(DebugUIPlugin.java:1018)
	at org.eclipse.debug.internal.ui.DebugUIPlugin$8.run(DebugUIPlugin.java:1222)
	at org.eclipse.core.internal.jobs.Worker.run(Worker.java:53)
17:20:21 INFO  : Connected to target on host '127.0.0.1' and port '3121'.
17:20:22 INFO  : 'targets -set -filter {jtag_cable_name =~ "Digilent Nexys4DDR 210292743973A" && level==0} -index 0' command is executed.
17:20:28 INFO  : FPGA configured successfully with bitstream "/mnt/seagate/Development/FPGA/MB_LED/MB_LED.sdk/design_gpio_led_wrapper_hw_platform_0/download.bit"
17:20:36 ERROR : Unexpected error while launching program.
java.lang.RuntimeException: Error in Resetting Target
MicroBlaze is not being clocked. Check if the Clock input to MicroBlaze and its Bus Interfaces are connected properly
    

	at com.xilinx.sdk.targetmanager.internal.TM.doProcessorReset(TM.java:1011)
	at com.xilinx.sdk.debug.core.XilinxAppLaunchConfigurationDelegate.runTargetSetup(XilinxAppLaunchConfigurationDelegate.java:455)
	at com.xilinx.sdk.debug.core.XilinxAppLaunchConfigurationDelegate.runApplication(XilinxAppLaunchConfigurationDelegate.java:616)
	at com.xilinx.sdk.debug.core.XilinxAppLaunchConfigurationDelegate.launch(XilinxAppLaunchConfigurationDelegate.java:309)
	at com.xilinx.sdk.debug.ui.XilinxAppLaunchDelegateWrapper.launch(XilinxAppLaunchDelegateWrapper.java:31)
	at org.eclipse.debug.internal.core.LaunchConfiguration.launch(LaunchConfiguration.java:858)
	at org.eclipse.debug.internal.core.LaunchConfiguration.launch(LaunchConfiguration.java:707)
	at org.eclipse.debug.internal.ui.DebugUIPlugin.buildAndLaunch(DebugUIPlugin.java:1018)
	at org.eclipse.debug.internal.ui.DebugUIPlugin$8.run(DebugUIPlugin.java:1222)
	at org.eclipse.core.internal.jobs.Worker.run(Worker.java:53)
17:20:43 INFO  : Processor reset is completed for microblaze_0
17:21:16 INFO  : Connected to target on host 'localhost' and port '3121'.
17:21:17 INFO  : 'targets -set -filter {jtag_cable_name =~ "Digilent Nexys4DDR 210292743973A" && level==0} -index 0' command is executed.
17:21:19 INFO  : FPGA configured successfully with bitstream "/mnt/seagate/Development/FPGA/MB_LED/MB_LED.sdk/design_gpio_led_wrapper_hw_platform_1/download.bit"
17:21:23 INFO  : Processor reset is completed for microblaze_0
17:21:40 INFO  : Processor reset is completed for microblaze_0
17:22:03 INFO  : Launching XSDB server: xsdb -n /mnt/seagate/Installed/Xilinx/SDK/2015.4/scripts/xsdb/xsdb/xsdb-server.tcl
17:22:18 INFO  : Launching XSDB server: xsdb -n /mnt/seagate/Installed/Xilinx/SDK/2015.4/scripts/xsdb/xsdb/xsdb-server.tcl
17:22:20 INFO  : XSDB server has started successfully.
17:22:20 INFO  : Processing command line option -hwspec /mnt/seagate/Development/FPGA/MB_LED/MB_LED.sdk/design_gpio_led_wrapper.hdf.
17:22:41 INFO  : Connected to target on host '127.0.0.1' and port '3121'.
17:22:41 INFO  : 'targets -set -filter {jtag_cable_name =~ "Digilent Nexys4DDR 210292743973A" && level==0} -index 0' command is executed.
17:22:43 INFO  : FPGA configured successfully with bitstream "/mnt/seagate/Development/FPGA/MB_LED/MB_LED.sdk/design_gpio_led_wrapper_hw_platform_0/download.bit"
17:23:02 WARN  : Unable to obtain port 2350 for use by XMD, java.net.BindException: Address already in use
17:23:04 ERROR : Unexpected error while launching program.
com.xilinx.sdk.targetmanager.TMException: 
    Failed to claim JTAG Device 1 for debug. Check if it's
    in use by other client for debug


	at com.xilinx.sdk.targetmanager.internal.TM.connectToProcessor(TM.java:484)
	at com.xilinx.sdk.debug.core.XilinxAppLaunchConfigurationDelegate.runTargetSetup(XilinxAppLaunchConfigurationDelegate.java:451)
	at com.xilinx.sdk.debug.core.XilinxAppLaunchConfigurationDelegate.runApplication(XilinxAppLaunchConfigurationDelegate.java:616)
	at com.xilinx.sdk.debug.core.XilinxAppLaunchConfigurationDelegate.launch(XilinxAppLaunchConfigurationDelegate.java:309)
	at com.xilinx.sdk.debug.ui.XilinxAppLaunchDelegateWrapper.launch(XilinxAppLaunchDelegateWrapper.java:31)
	at org.eclipse.debug.internal.core.LaunchConfiguration.launch(LaunchConfiguration.java:858)
	at org.eclipse.debug.internal.core.LaunchConfiguration.launch(LaunchConfiguration.java:707)
	at org.eclipse.debug.internal.ui.DebugUIPlugin.buildAndLaunch(DebugUIPlugin.java:1018)
	at org.eclipse.debug.internal.ui.DebugUIPlugin$8.run(DebugUIPlugin.java:1222)
	at org.eclipse.core.internal.jobs.Worker.run(Worker.java:53)
17:23:28 ERROR : Unexpected error while launching program.
com.xilinx.sdk.targetmanager.TMException: 
    Failed to claim JTAG Device 1 for debug. Check if it's
    in use by other client for debug


	at com.xilinx.sdk.targetmanager.internal.TM.connectToProcessor(TM.java:484)
	at com.xilinx.sdk.debug.core.XilinxAppLaunchConfigurationDelegate.runTargetSetup(XilinxAppLaunchConfigurationDelegate.java:451)
	at com.xilinx.sdk.debug.core.XilinxAppLaunchConfigurationDelegate.runApplication(XilinxAppLaunchConfigurationDelegate.java:616)
	at com.xilinx.sdk.debug.core.XilinxAppLaunchConfigurationDelegate.launch(XilinxAppLaunchConfigurationDelegate.java:309)
	at com.xilinx.sdk.debug.ui.XilinxAppLaunchDelegateWrapper.launch(XilinxAppLaunchDelegateWrapper.java:31)
	at org.eclipse.debug.internal.core.LaunchConfiguration.launch(LaunchConfiguration.java:858)
	at org.eclipse.debug.internal.core.LaunchConfiguration.launch(LaunchConfiguration.java:707)
	at org.eclipse.debug.internal.ui.DebugUIPlugin.buildAndLaunch(DebugUIPlugin.java:1018)
	at org.eclipse.debug.internal.ui.DebugUIPlugin$8.run(DebugUIPlugin.java:1222)
	at org.eclipse.core.internal.jobs.Worker.run(Worker.java:53)
17:23:41 INFO  : FPGA Cable Disconnected. All active launches will be terminated.
17:23:52 INFO  : 'targets -set -filter {jtag_cable_name =~ "Digilent Nexys4DDR 210292743973A" && level==0} -index 0' command is executed.
17:23:52 INFO  : 'fpga -state' command is executed.
17:23:52 INFO  : Connected to target on host 'localhost' and port '3121'.
17:23:53 ERROR : no targets found with "name =~ "microblaze*#0" && bscan=="USER2"  && jtag_cable_name =~ "Digilent Nexys4DDR 210292743973A"". available targets:
  1* xc7a100t
17:23:53 INFO  : ----------------XSDB Script----------------
connect -url tcp:localhost:3121
targets -set -nocase -filter {name =~ "microblaze*#0" && bscan=="USER2"  && jtag_cable_name =~ "Digilent Nexys4DDR 210292743973A"} -index 0
----------------End of Script----------------

17:24:11 INFO  : Connected to target on host '127.0.0.1' and port '3121'.
17:24:11 INFO  : 'targets -set -filter {jtag_cable_name =~ "Digilent Nexys4DDR 210292743973A" && level==0} -index 0' command is executed.
17:24:14 INFO  : FPGA configured successfully with bitstream "/mnt/seagate/Development/FPGA/MB_LED/MB_LED.sdk/design_gpio_led_wrapper_hw_platform_0/download.bit"
17:24:27 INFO  : 'targets -set -filter {jtag_cable_name =~ "Digilent Nexys4DDR 210292743973A" && level==0} -index 0' command is executed.
17:24:27 INFO  : 'fpga -state' command is executed.
17:24:27 INFO  : Connected to target on host '127.0.0.1' and port '3121'.
17:24:28 ERROR : no targets found with "name =~ "microblaze*#0" && bscan=="USER2"  && jtag_cable_name =~ "Digilent Nexys4DDR 210292743973A"". available targets:
  1* xc7a100t
17:24:28 INFO  : ----------------XSDB Script----------------
connect -url tcp:127.0.0.1:3121
targets -set -nocase -filter {name =~ "microblaze*#0" && bscan=="USER2"  && jtag_cable_name =~ "Digilent Nexys4DDR 210292743973A"} -index 0
----------------End of Script----------------

17:24:48 INFO  : 'targets -set -filter {jtag_cable_name =~ "Digilent Nexys4DDR 210292743973A" && level==0} -index 0' command is executed.
17:24:48 INFO  : 'fpga -state' command is executed.
17:24:48 INFO  : Connected to target on host '127.0.0.1' and port '3121'.
17:24:49 ERROR : no targets found with "name =~ "microblaze*#0" && bscan=="USER2"  && jtag_cable_name =~ "Digilent Nexys4DDR 210292743973A"". available targets:
  1* xc7a100t
17:24:49 INFO  : ----------------XSDB Script----------------
connect -url tcp:127.0.0.1:3121
targets -set -nocase -filter {name =~ "microblaze*#0" && bscan=="USER2"  && jtag_cable_name =~ "Digilent Nexys4DDR 210292743973A"} -index 0
----------------End of Script----------------

17:25:03 ERROR : Timed out. 180 seconds have elapsed while waiting for XSDB server to launch.
17:25:03 ERROR : Failed to get all peripherals
java.lang.Exception: java.lang.Error: Channel is waiting for Hello message
	at org.eclipse.tcf.core.Command.<init>(Command.java:83)
	at com.xilinx.sdk.xsdb.XSDBCommandManager$8.<init>(XSDBCommandManager.java:384)
	at com.xilinx.sdk.xsdb.XSDBCommandManager.issueTcfCmd(XSDBCommandManager.java:384)
	at com.xilinx.sdk.xsdb.XSDBCommandManager.access$4(XSDBCommandManager.java:381)
	at com.xilinx.sdk.xsdb.XSDBCommandManager$7.run(XSDBCommandManager.java:376)
	at org.eclipse.tcf.EventQueue.run(EventQueue.java:95)
	at java.lang.Thread.run(Thread.java:745)
Caused by: java.lang.Error: Channel is waiting for Hello message
	at org.eclipse.tcf.core.AbstractChannel.sendCommand(AbstractChannel.java:874)
	at org.eclipse.tcf.core.Command.<init>(Command.java:79)
	... 6 more
17:25:03 ERROR : Failed to get all peripherals
java.lang.Exception: java.lang.Error: Channel is waiting for Hello message
	at org.eclipse.tcf.core.Command.<init>(Command.java:83)
	at com.xilinx.sdk.xsdb.XSDBCommandManager$8.<init>(XSDBCommandManager.java:384)
	at com.xilinx.sdk.xsdb.XSDBCommandManager.issueTcfCmd(XSDBCommandManager.java:384)
	at com.xilinx.sdk.xsdb.XSDBCommandManager.access$4(XSDBCommandManager.java:381)
	at com.xilinx.sdk.xsdb.XSDBCommandManager$7.run(XSDBCommandManager.java:376)
	at org.eclipse.tcf.EventQueue.run(EventQueue.java:95)
	at java.lang.Thread.run(Thread.java:745)
Caused by: java.lang.Error: Channel is waiting for Hello message
	at org.eclipse.tcf.core.AbstractChannel.sendCommand(AbstractChannel.java:874)
	at org.eclipse.tcf.core.Command.<init>(Command.java:79)
	... 6 more
17:25:03 ERROR : Unable to disconnect from existing targets
java.lang.RuntimeException: Failed to get all peripherals
	at com.xilinx.sdk.xsdb.XsdbCommandUtils.handleResult(XsdbCommandUtils.java:306)
	at com.xilinx.sdk.xsdb.XsdbCommandUtils.executeAndRespond(XsdbCommandUtils.java:256)
	at com.xilinx.sdk.hw.internal.HwPlatform.populatePeripheralDetails(HwPlatform.java:655)
	at com.xilinx.sdk.hw.internal.HwPlatform.getProcessorNames(HwPlatform.java:525)
	at com.xilinx.sdk.targetmanager.internal.TM.disconnectExistingTargets(TM.java:299)
	at com.xilinx.sdk.targetmanager.internal.TM.terminate(TM.java:212)
	at com.xilinx.sdk.targetmanager.TMPlugin.stop(TMPlugin.java:58)
	at org.eclipse.osgi.framework.internal.core.BundleContextImpl$2.run(BundleContextImpl.java:771)
	at java.security.AccessController.doPrivileged(Native Method)
	at org.eclipse.osgi.framework.internal.core.BundleContextImpl.stop(BundleContextImpl.java:764)
	at org.eclipse.osgi.framework.internal.core.BundleHost.stopWorker(BundleHost.java:510)
	at org.eclipse.osgi.framework.internal.core.AbstractBundle.suspend(AbstractBundle.java:566)
	at org.eclipse.osgi.framework.internal.core.Framework.suspendBundle(Framework.java:1206)
	at org.eclipse.osgi.framework.internal.core.StartLevelManager.decFWSL(StartLevelManager.java:592)
	at org.eclipse.osgi.framework.internal.core.StartLevelManager.doSetStartLevel(StartLevelManager.java:257)
	at org.eclipse.osgi.framework.internal.core.StartLevelManager.shutdown(StartLevelManager.java:215)
	at org.eclipse.osgi.framework.internal.core.InternalSystemBundle.suspend(InternalSystemBundle.java:284)
	at org.eclipse.osgi.framework.internal.core.Framework.shutdown(Framework.java:692)
	at org.eclipse.osgi.framework.internal.core.Framework.close(Framework.java:600)
	at org.eclipse.core.runtime.adaptor.EclipseStarter.shutdown(EclipseStarter.java:400)
	at org.eclipse.core.runtime.adaptor.EclipseStarter.run(EclipseStarter.java:200)
	at sun.reflect.NativeMethodAccessorImpl.invoke0(Native Method)
	at sun.reflect.NativeMethodAccessorImpl.invoke(NativeMethodAccessorImpl.java:62)
	at sun.reflect.DelegatingMethodAccessorImpl.invoke(DelegatingMethodAccessorImpl.java:43)
	at java.lang.reflect.Method.invoke(Method.java:497)
	at org.eclipse.equinox.launcher.Main.invokeFramework(Main.java:636)
	at org.eclipse.equinox.launcher.Main.basicRun(Main.java:591)
	at org.eclipse.equinox.launcher.Main.run(Main.java:1450)
	at org.eclipse.equinox.launcher.Main.main(Main.java:1426)
Caused by: java.lang.Exception: java.lang.Error: Channel is waiting for Hello message
	at org.eclipse.tcf.core.Command.<init>(Command.java:83)
	at com.xilinx.sdk.xsdb.XSDBCommandManager$8.<init>(XSDBCommandManager.java:384)
	at com.xilinx.sdk.xsdb.XSDBCommandManager.issueTcfCmd(XSDBCommandManager.java:384)
	at com.xilinx.sdk.xsdb.XSDBCommandManager.access$4(XSDBCommandManager.java:381)
	at com.xilinx.sdk.xsdb.XSDBCommandManager$7.run(XSDBCommandManager.java:376)
	at org.eclipse.tcf.EventQueue.run(EventQueue.java:95)
	at java.lang.Thread.run(Thread.java:745)
Caused by: java.lang.Error: Channel is waiting for Hello message
	at org.eclipse.tcf.core.AbstractChannel.sendCommand(AbstractChannel.java:874)
	at org.eclipse.tcf.core.Command.<init>(Command.java:79)
	... 6 more
17:25:03 ERROR : Unexpected error while parsing XMD response ￿: com.google.gson.JsonSyntaxException: com.google.gson.stream.MalformedJsonException: invalid number or unquoted string near 
17:25:06 INFO  : Connected to target on host 'localhost' and port '3121'.
17:25:06 INFO  : 'targets -set -filter {jtag_cable_name =~ "Digilent Nexys4DDR 210292743973A" && level==0} -index 0' command is executed.
17:25:09 INFO  : FPGA configured successfully with bitstream "/mnt/seagate/Development/FPGA/MB_LED/MB_LED.sdk/design_gpio_led_wrapper_hw_platform_0/download.bit"
17:25:23 INFO  : 'targets -set -filter {jtag_cable_name =~ "Digilent Nexys4DDR 210292743973A" && level==0} -index 0' command is executed.
17:25:23 INFO  : 'fpga -state' command is executed.
17:25:23 INFO  : Connected to target on host '127.0.0.1' and port '3121'.
17:25:23 INFO  : Context for processor 'microblaze_0' is selected.
17:25:23 INFO  : Hardware design information is loaded from '/mnt/seagate/Development/FPGA/MB_LED/MB_LED.sdk/design_gpio_led_wrapper_hw_platform_0/system.hdf'.
17:25:24 INFO  : Context for processor 'microblaze_0' is selected.
17:25:24 INFO  : Processor reset is completed for 'microblaze_0'.
17:25:24 INFO  : Context for processor 'microblaze_0' is selected.
17:25:24 INFO  : The application '/mnt/seagate/Development/FPGA/MB_LED/MB_LED.sdk/hello_world/Debug/hello_world.elf' is downloaded to processor 'microblaze_0'.
17:25:24 INFO  : ----------------XSDB Script----------------
connect -url tcp:127.0.0.1:3121
targets -set -nocase -filter {name =~ "microblaze*#0" && bscan=="USER2"  && jtag_cable_name =~ "Digilent Nexys4DDR 210292743973A"} -index 0
loadhw /mnt/seagate/Development/FPGA/MB_LED/MB_LED.sdk/design_gpio_led_wrapper_hw_platform_0/system.hdf
targets -set -nocase -filter {name =~ "microblaze*#0" && bscan=="USER2"  && jtag_cable_name =~ "Digilent Nexys4DDR 210292743973A"} -index 0
rst -processor
targets -set -nocase -filter {name =~ "microblaze*#0" && bscan=="USER2"  && jtag_cable_name =~ "Digilent Nexys4DDR 210292743973A"} -index 0
dow /mnt/seagate/Development/FPGA/MB_LED/MB_LED.sdk/hello_world/Debug/hello_world.elf
----------------End of Script----------------

17:25:24 INFO  : Memory regions updated for context MicroBlaze #0
17:25:24 INFO  : Context for processor 'microblaze_0' is selected.
17:25:24 INFO  : 'con' command is executed.
17:25:24 INFO  : ----------------XSDB Script (After Launch)----------------
targets -set -nocase -filter {name =~ "microblaze*#0" && bscan=="USER2"  && jtag_cable_name =~ "Digilent Nexys4DDR 210292743973A"} -index 0
con
----------------End of Script----------------

17:25:46 INFO  : Disconnected from the channel tcfchan#1.
17:25:46 INFO  : Connected to target on host '127.0.0.1' and port '3121'.
17:25:47 INFO  : 'targets -set -filter {jtag_cable_name =~ "Digilent Nexys4DDR 210292743973A" && level==0} -index 0' command is executed.
17:25:49 INFO  : FPGA configured successfully with bitstream "/mnt/seagate/Development/FPGA/MB_LED/MB_LED.sdk/design_gpio_led_wrapper_hw_platform_0/design_gpio_led_wrapper.bit"
17:25:49 INFO  : Context for processor 'microblaze_0' is selected.
17:25:49 INFO  : Hardware design information is loaded from '/mnt/seagate/Development/FPGA/MB_LED/MB_LED.sdk/design_gpio_led_wrapper_hw_platform_0/system.hdf'.
17:25:50 INFO  : Context for processor 'microblaze_0' is selected.
17:25:50 INFO  : System reset is completed.
17:25:53 INFO  : Context for processor 'microblaze_0' is selected.
17:25:53 INFO  : The application '/mnt/seagate/Development/FPGA/MB_LED/MB_LED.sdk/hello_world/Debug/hello_world.elf' is downloaded to processor 'microblaze_0'.
17:25:53 INFO  : ----------------XSDB Script----------------
connect -url tcp:127.0.0.1:3121
targets -set -filter {jtag_cable_name =~ "Digilent Nexys4DDR 210292743973A" && level==0} -index 0
fpga -file /mnt/seagate/Development/FPGA/MB_LED/MB_LED.sdk/design_gpio_led_wrapper_hw_platform_0/design_gpio_led_wrapper.bit
targets -set -nocase -filter {name =~ "microblaze*#0" && bscan=="USER2"  && jtag_cable_name =~ "Digilent Nexys4DDR 210292743973A"} -index 0
loadhw /mnt/seagate/Development/FPGA/MB_LED/MB_LED.sdk/design_gpio_led_wrapper_hw_platform_0/system.hdf
targets -set -nocase -filter {name =~ "microblaze*#0" && bscan=="USER2"  && jtag_cable_name =~ "Digilent Nexys4DDR 210292743973A"} -index 0
rst -system
targets -set -nocase -filter {name =~ "microblaze*#0" && bscan=="USER2"  && jtag_cable_name =~ "Digilent Nexys4DDR 210292743973A"} -index 0
dow /mnt/seagate/Development/FPGA/MB_LED/MB_LED.sdk/hello_world/Debug/hello_world.elf
----------------End of Script----------------

17:25:53 INFO  : Memory regions updated for context MicroBlaze #0
17:25:53 INFO  : Context for processor 'microblaze_0' is selected.
17:25:53 INFO  : 'con' command is executed.
17:25:53 INFO  : ----------------XSDB Script (After Launch)----------------
targets -set -nocase -filter {name =~ "microblaze*#0" && bscan=="USER2"  && jtag_cable_name =~ "Digilent Nexys4DDR 210292743973A"} -index 0
con
----------------End of Script----------------

17:28:09 INFO  : Disconnected from the channel tcfchan#3.
17:28:09 INFO  : Connected to target on host '127.0.0.1' and port '3121'.
17:28:09 INFO  : 'targets -set -filter {jtag_cable_name =~ "Digilent Nexys4DDR 210292743973A" && level==0} -index 0' command is executed.
17:28:11 INFO  : FPGA configured successfully with bitstream "/mnt/seagate/Development/FPGA/MB_LED/MB_LED.sdk/design_gpio_led_wrapper_hw_platform_0/download.bit"
17:28:12 INFO  : Context for processor 'microblaze_0' is selected.
17:28:12 INFO  : Hardware design information is loaded from '/mnt/seagate/Development/FPGA/MB_LED/MB_LED.sdk/design_gpio_led_wrapper_hw_platform_0/system.hdf'.
17:28:12 INFO  : Context for processor 'microblaze_0' is selected.
17:28:12 INFO  : Processor reset is completed for 'microblaze_0'.
17:28:12 INFO  : Context for processor 'microblaze_0' is selected.
17:28:13 INFO  : The application '/mnt/seagate/Development/FPGA/MB_LED/MB_LED.sdk/hello_world/Debug/hello_world.elf' is downloaded to processor 'microblaze_0'.
17:28:13 INFO  : ----------------XSDB Script----------------
connect -url tcp:127.0.0.1:3121
targets -set -filter {jtag_cable_name =~ "Digilent Nexys4DDR 210292743973A" && level==0} -index 0
fpga -file /mnt/seagate/Development/FPGA/MB_LED/MB_LED.sdk/design_gpio_led_wrapper_hw_platform_0/download.bit
targets -set -nocase -filter {name =~ "microblaze*#0" && bscan=="USER2"  && jtag_cable_name =~ "Digilent Nexys4DDR 210292743973A"} -index 0
loadhw /mnt/seagate/Development/FPGA/MB_LED/MB_LED.sdk/design_gpio_led_wrapper_hw_platform_0/system.hdf
targets -set -nocase -filter {name =~ "microblaze*#0" && bscan=="USER2"  && jtag_cable_name =~ "Digilent Nexys4DDR 210292743973A"} -index 0
rst -processor
targets -set -nocase -filter {name =~ "microblaze*#0" && bscan=="USER2"  && jtag_cable_name =~ "Digilent Nexys4DDR 210292743973A"} -index 0
dow /mnt/seagate/Development/FPGA/MB_LED/MB_LED.sdk/hello_world/Debug/hello_world.elf
----------------End of Script----------------

17:28:13 INFO  : Memory regions updated for context MicroBlaze #0
17:28:13 INFO  : Context for processor 'microblaze_0' is selected.
17:28:13 INFO  : 'con' command is executed.
17:28:13 INFO  : ----------------XSDB Script (After Launch)----------------
targets -set -nocase -filter {name =~ "microblaze*#0" && bscan=="USER2"  && jtag_cable_name =~ "Digilent Nexys4DDR 210292743973A"} -index 0
con
----------------End of Script----------------

17:30:03 INFO  : System reset is completed.
17:31:14 INFO  : System reset is completed.
17:39:58 INFO  : System reset is completed.
17:40:30 INFO  : System reset is completed.
17:40:38 INFO  : System reset is completed.
17:49:14 INFO  : System reset is completed.
17:54:12 INFO  : System reset is completed.
17:58:26 INFO  : System reset is completed.
17:59:38 INFO  : System reset is completed.
18:00:02 INFO  : System reset is completed.
18:10:00 INFO  : FPGA Cable Disconnected. All active launches will be terminated.
23:00:35 INFO  : Launching XSDB server: xsdb -n /mnt/seagate/Installed/Xilinx/SDK/2015.4/scripts/xsdb/xsdb/xsdb-server.tcl
23:00:39 ERROR : Unexpected error while parsing XMD response ￿: com.google.gson.JsonSyntaxException: com.google.gson.stream.MalformedJsonException: invalid number or unquoted string near 
23:03:35 ERROR : Timed out. 180 seconds have elapsed while waiting for XSDB server to launch.
23:03:35 WARN  : Unexpected exception occurred.
java.lang.Exception: java.lang.Error: Channel is waiting for Hello message
	at org.eclipse.tcf.core.Command.<init>(Command.java:83)
	at com.xilinx.sdk.xsdb.XSDBCommandManager$8.<init>(XSDBCommandManager.java:384)
	at com.xilinx.sdk.xsdb.XSDBCommandManager.issueTcfCmd(XSDBCommandManager.java:384)
	at com.xilinx.sdk.xsdb.XSDBCommandManager.access$4(XSDBCommandManager.java:381)
	at com.xilinx.sdk.xsdb.XSDBCommandManager$7.run(XSDBCommandManager.java:376)
	at org.eclipse.tcf.EventQueue.run(EventQueue.java:95)
	at java.lang.Thread.run(Thread.java:745)
Caused by: java.lang.Error: Channel is waiting for Hello message
	at org.eclipse.tcf.core.AbstractChannel.sendCommand(AbstractChannel.java:874)
	at org.eclipse.tcf.core.Command.<init>(Command.java:79)
	... 6 more
08:33:50 INFO  : Launching XSDB server: xsdb -n /mnt/seagate/Installed/Xilinx/SDK/2015.4/scripts/xsdb/xsdb/xsdb-server.tcl
08:33:53 INFO  : XSDB server has started successfully.
08:33:54 INFO  : Processing command line option -hwspec /mnt/seagate/Development/FPGA/MB_LED/MB_LED.sdk/design_gpio_led_wrapper.hdf.
08:33:54 INFO  : Checking for hwspec changes in the project design_gpio_led_wrapper_hw_platform_0.
08:36:12 ERROR : Unexpected error while launching program.
com.xilinx.sdk.targetmanager.TMException: 
    Unknown Error Occured
    Cable is not connected to the host

	at com.xilinx.sdk.targetmanager.internal.TM.connectToProcessor(TM.java:484)
	at com.xilinx.sdk.debug.core.XilinxAppLaunchConfigurationDelegate.runTargetSetup(XilinxAppLaunchConfigurationDelegate.java:451)
	at com.xilinx.sdk.debug.core.XilinxAppLaunchConfigurationDelegate.runApplication(XilinxAppLaunchConfigurationDelegate.java:616)
	at com.xilinx.sdk.debug.core.XilinxAppLaunchConfigurationDelegate.launch(XilinxAppLaunchConfigurationDelegate.java:309)
	at com.xilinx.sdk.debug.ui.XilinxAppLaunchDelegateWrapper.launch(XilinxAppLaunchDelegateWrapper.java:31)
	at org.eclipse.debug.internal.core.LaunchConfiguration.launch(LaunchConfiguration.java:858)
	at org.eclipse.debug.internal.core.LaunchConfiguration.launch(LaunchConfiguration.java:707)
	at org.eclipse.debug.internal.ui.DebugUIPlugin.buildAndLaunch(DebugUIPlugin.java:1018)
	at org.eclipse.debug.internal.ui.DebugUIPlugin$8.run(DebugUIPlugin.java:1222)
	at org.eclipse.core.internal.jobs.Worker.run(Worker.java:53)
08:55:57 ERROR : Unexpected error while launching program.
com.xilinx.sdk.targetmanager.TMException: Could not detect MDM peripheral on hardware. Please check:
    1. If FPGA is configured correctly
    2. MDM Core is instantiated in the design
    3. If the correct FPGA is referred, in case of multiple FPGAs
    4. If the correct MDM is referred, in case of a multiple MDM system
    

	at com.xilinx.sdk.targetmanager.internal.TM.connectToProcessor(TM.java:484)
	at com.xilinx.sdk.debug.core.XilinxAppLaunchConfigurationDelegate.runTargetSetup(XilinxAppLaunchConfigurationDelegate.java:451)
	at com.xilinx.sdk.debug.core.XilinxAppLaunchConfigurationDelegate.runApplication(XilinxAppLaunchConfigurationDelegate.java:616)
	at com.xilinx.sdk.debug.core.XilinxAppLaunchConfigurationDelegate.launch(XilinxAppLaunchConfigurationDelegate.java:309)
	at com.xilinx.sdk.debug.ui.XilinxAppLaunchDelegateWrapper.launch(XilinxAppLaunchDelegateWrapper.java:31)
	at org.eclipse.debug.internal.core.LaunchConfiguration.launch(LaunchConfiguration.java:858)
	at org.eclipse.debug.internal.core.LaunchConfiguration.launch(LaunchConfiguration.java:707)
	at org.eclipse.debug.internal.ui.DebugUIPlugin.buildAndLaunch(DebugUIPlugin.java:1018)
	at org.eclipse.debug.internal.ui.DebugUIPlugin$8.run(DebugUIPlugin.java:1222)
	at org.eclipse.core.internal.jobs.Worker.run(Worker.java:53)
08:56:01 ERROR : Unexpected error while launching program.
com.xilinx.sdk.targetmanager.TMException: Could not detect MDM peripheral on hardware. Please check:
    1. If FPGA is configured correctly
    2. MDM Core is instantiated in the design
    3. If the correct FPGA is referred, in case of multiple FPGAs
    4. If the correct MDM is referred, in case of a multiple MDM system
    

	at com.xilinx.sdk.targetmanager.internal.TM.connectToProcessor(TM.java:484)
	at com.xilinx.sdk.debug.core.XilinxAppLaunchConfigurationDelegate.runTargetSetup(XilinxAppLaunchConfigurationDelegate.java:451)
	at com.xilinx.sdk.debug.core.XilinxAppLaunchConfigurationDelegate.runApplication(XilinxAppLaunchConfigurationDelegate.java:616)
	at com.xilinx.sdk.debug.core.XilinxAppLaunchConfigurationDelegate.launch(XilinxAppLaunchConfigurationDelegate.java:309)
	at com.xilinx.sdk.debug.ui.XilinxAppLaunchDelegateWrapper.launch(XilinxAppLaunchDelegateWrapper.java:31)
	at org.eclipse.debug.internal.core.LaunchConfiguration.launch(LaunchConfiguration.java:858)
	at org.eclipse.debug.internal.core.LaunchConfiguration.launch(LaunchConfiguration.java:707)
	at org.eclipse.debug.internal.ui.DebugUIPlugin.buildAndLaunch(DebugUIPlugin.java:1018)
	at org.eclipse.debug.internal.ui.DebugUIPlugin$8.run(DebugUIPlugin.java:1222)
	at org.eclipse.core.internal.jobs.Worker.run(Worker.java:53)
08:56:19 ERROR : Failed to connect to hardware server on host 'localhost' and port '3121'.
Reason: Connection refused
08:56:38 ERROR : Failed to connect to hardware server on host 'localhost' and port '3121'.
Reason: Connection refused
08:57:29 INFO  : Connected to target on host 'localhost' and port '3121'.
08:57:30 INFO  : 'targets -set -filter {jtag_cable_name =~ "Digilent Nexys4DDR 210292743973A" && level==0} -index 0' command is executed.
08:57:32 INFO  : FPGA configured successfully with bitstream "/mnt/seagate/Development/FPGA/MB_LED/MB_LED.sdk/design_gpio_led_wrapper_hw_platform_0/download.bit"
08:57:38 INFO  : System reset is completed.
08:58:02 INFO  : System reset is completed.
08:58:07 INFO  : System reset is completed.
08:58:26 INFO  : System reset is completed.
08:58:32 INFO  : System reset is completed.
08:59:23 INFO  : System reset is completed.
09:06:21 INFO  : SDK has detected change in the last modified timestamps for source hardware specification file Source:1451894689000,  Project:1451837844000
09:06:21 INFO  : Project design_gpio_led_wrapper_hw_platform_0's source hardware specification located at /mnt/seagate/Development/FPGA/MB_LED/MB_LED.sdk/design_gpio_led_wrapper.hdf is now different from the local copy.
		 The local copy will be replaced with the source specification and your workspace will be updated.
09:06:36 INFO  : Copied contents of /mnt/seagate/Development/FPGA/MB_LED/MB_LED.sdk/design_gpio_led_wrapper.hdf into /design_gpio_led_wrapper_hw_platform_0/system.hdf.
09:06:36 INFO  : Synchronizing projects in the workspace with the hardware platform specification changes.
09:06:40 INFO  : 
09:06:41 INFO  : Updating hardware inferred compiler options for hello_world.
09:06:41 INFO  : Clearing existing target manager status.
09:06:41 INFO  : Workspace synchronized with the new hardware specification file. Cleaning dependent projects...
09:06:43 WARN  : Linker script will not be updated automatically. Users need to update it manually.
09:06:47 INFO  : System reset is completed.
09:06:59 INFO  : System reset is completed.
09:07:20 INFO  : System reset is completed.
09:07:24 INFO  : System reset is completed.
09:07:34 INFO  : System reset is completed.
09:07:49 INFO  : Connected to target on host 'localhost' and port '3121'.
09:07:50 INFO  : 'targets -set -filter {jtag_cable_name =~ "Digilent Nexys4DDR 210292743973A" && level==0} -index 0' command is executed.
09:07:52 INFO  : FPGA configured successfully with bitstream "/mnt/seagate/Development/FPGA/MB_LED/MB_LED.sdk/design_gpio_led_wrapper_hw_platform_0/download.bit"
09:07:54 INFO  : System reset is completed.
09:08:01 INFO  : System reset is completed.
09:08:04 INFO  : System reset is completed.
09:08:17 INFO  : System reset is completed.
09:08:20 INFO  : System reset is completed.
09:08:27 INFO  : System reset is completed.
09:08:40 INFO  : System reset is completed.
09:09:26 INFO  : System reset is completed.
09:09:40 INFO  : System reset is completed.
09:09:43 INFO  : System reset is completed.
09:09:51 INFO  : System reset is completed.
09:09:53 INFO  : System reset is completed.
09:10:12 INFO  : System reset is completed.
09:10:14 INFO  : System reset is completed.
09:10:22 INFO  : System reset is completed.
09:10:48 INFO  : 'targets -set -filter {jtag_cable_name =~ "Digilent Nexys4DDR 210292743973A" && level==0} -index 0' command is executed.
09:10:48 INFO  : 'fpga -state' command is executed.
09:10:48 INFO  : Connected to target on host 'localhost' and port '3121'.
09:10:48 ERROR : no targets found with "name =~ "microblaze*#0" && bscan=="USER2"  && jtag_cable_name =~ "Digilent Nexys4DDR 210292743973A"". available targets:
  1* xc7a100t
     2  Debug Module at USER2
        3  MicroBlaze #0 (Access denied) (Running)
09:10:48 INFO  : ----------------XSDB Script----------------
connect -url tcp:localhost:3121
targets -set -nocase -filter {name =~ "microblaze*#0" && bscan=="USER2"  && jtag_cable_name =~ "Digilent Nexys4DDR 210292743973A"} -index 0
----------------End of Script----------------

09:11:01 INFO  : System reset is completed.
09:11:10 INFO  : System reset is completed.
09:11:16 INFO  : System reset is completed.
09:11:24 INFO  : System reset is completed.
09:11:30 INFO  : System reset is completed.
09:11:50 INFO  : System reset is completed.
09:12:01 INFO  : System reset is completed.
09:12:07 INFO  : System reset is completed.
09:12:13 INFO  : System reset is completed.
09:13:25 INFO  : System reset is completed.
09:13:41 INFO  : System reset is completed.
09:13:46 INFO  : System reset is completed.
09:15:11 INFO  : System reset is completed.
09:15:16 INFO  : System reset is completed.
09:47:16 INFO  : System reset is completed.
09:47:59 INFO  : System reset is completed.
09:48:17 INFO  : System reset is completed.
09:48:57 INFO  : System reset is completed.
09:49:30 INFO  : System reset is completed.
09:49:55 INFO  : System reset is completed.
09:51:41 INFO  : System reset is completed.
09:52:05 INFO  : microblaze_0 Processor is in use. Please stop existing Run or Debug sessions before launching.
09:52:12 INFO  : System reset is completed.
09:57:55 INFO  : microblaze_0 Processor is in use. Please stop existing Run or Debug sessions before launching.
09:57:59 INFO  : System reset is completed.
09:58:21 INFO  : microblaze_0 Processor is in use. Please stop existing Run or Debug sessions before launching.
09:59:22 INFO  : Time out for XMD transaction is 60000
If you want to increase the timeout value, goto Windows-> Preferences -> Xilinx SDK -> XMD Startup
09:59:22 ERROR : Timeout occured while waiting to get reply for command "xreset 0"
09:59:22 ERROR : Unexpected error while launching program.
java.lang.RuntimeException: 
	at com.xilinx.sdk.targetmanager.internal.TM.doSystemReset(TM.java:988)
	at com.xilinx.sdk.debug.core.XilinxAppLaunchConfigurationDelegate.runTargetSetup(XilinxAppLaunchConfigurationDelegate.java:453)
	at com.xilinx.sdk.debug.core.XilinxAppLaunchConfigurationDelegate.runApplication(XilinxAppLaunchConfigurationDelegate.java:616)
	at com.xilinx.sdk.debug.core.XilinxAppLaunchConfigurationDelegate.launch(XilinxAppLaunchConfigurationDelegate.java:309)
	at com.xilinx.sdk.debug.ui.XilinxAppLaunchDelegateWrapper.launch(XilinxAppLaunchDelegateWrapper.java:31)
	at org.eclipse.debug.internal.core.LaunchConfiguration.launch(LaunchConfiguration.java:858)
	at org.eclipse.debug.internal.core.LaunchConfiguration.launch(LaunchConfiguration.java:707)
	at org.eclipse.debug.internal.ui.DebugUIPlugin.buildAndLaunch(DebugUIPlugin.java:1018)
	at org.eclipse.debug.internal.ui.DebugUIPlugin$8.run(DebugUIPlugin.java:1222)
	at org.eclipse.core.internal.jobs.Worker.run(Worker.java:53)
09:59:37 INFO  : Connected to target on host 'localhost' and port '3121'.
09:59:37 INFO  : 'targets -set -filter {jtag_cable_name =~ "Digilent Nexys4DDR 210292743973A" && level==0} -index 0' command is executed.
09:59:39 INFO  : FPGA configured successfully with bitstream "/mnt/seagate/Development/FPGA/MB_LED/MB_LED.sdk/design_gpio_led_wrapper_hw_platform_0/download.bit"
09:59:44 INFO  : System reset is completed.
10:01:45 INFO  : microblaze_0 Processor is in use. Please stop existing Run or Debug sessions before launching.
10:01:47 INFO  : System reset is completed.
10:02:03 INFO  : microblaze_0 Processor is in use. Please stop existing Run or Debug sessions before launching.
10:02:04 INFO  : System reset is completed.
10:02:17 INFO  : microblaze_0 Processor is in use. Please stop existing Run or Debug sessions before launching.
10:02:19 INFO  : System reset is completed.
10:02:39 INFO  : microblaze_0 Processor is in use. Please stop existing Run or Debug sessions before launching.
10:02:40 INFO  : System reset is completed.
10:02:51 INFO  : microblaze_0 Processor is in use. Please stop existing Run or Debug sessions before launching.
10:02:52 INFO  : System reset is completed.
12:24:23 INFO  : microblaze_0 Processor is in use. Please stop existing Run or Debug sessions before launching.
17:05:20 INFO  : FPGA Cable Disconnected. All active launches will be terminated.
17:55:03 ERROR : Unexpected error while parsing XMD response ￿: com.google.gson.JsonSyntaxException: com.google.gson.stream.MalformedJsonException: invalid number or unquoted string near 
17:55:46 INFO  : Launching XSDB server: xsdb -n /mnt/seagate/Installed/Xilinx/SDK/2015.4/scripts/xsdb/xsdb/xsdb-server.tcl
17:55:49 INFO  : XSDB server has started successfully.
17:55:50 INFO  : Processing command line option -hwspec /mnt/seagate/Development/FPGA/MB_LED/MB_LED.sdk/design_gpio_led_wrapper.hdf.
17:55:50 INFO  : Checking for hwspec changes in the project design_gpio_led_wrapper_hw_platform_0.
17:55:51 INFO  : SDK has detected change in the last modified timestamps for source hardware specification file Source:1451923143000,  Project:1451894689000
17:55:51 INFO  : The hardware specification for project 'design_gpio_led_wrapper_hw_platform_0' is different from /mnt/seagate/Development/FPGA/MB_LED/MB_LED.sdk/design_gpio_led_wrapper.hdf.
17:55:51 INFO  : Copied contents of /mnt/seagate/Development/FPGA/MB_LED/MB_LED.sdk/design_gpio_led_wrapper.hdf into /design_gpio_led_wrapper_hw_platform_0/system.hdf.
17:55:51 INFO  : Synchronizing projects in the workspace with the hardware platform specification changes.
17:55:55 INFO  : 
17:55:57 INFO  : Updating hardware inferred compiler options for hello_world.
17:55:57 INFO  : Clearing existing target manager status.
17:55:57 INFO  : Workspace synchronized with the new hardware specification file. Cleaning dependent projects...
17:55:59 WARN  : Linker script will not be updated automatically. Users need to update it manually.
17:57:18 ERROR : Failed to connect to hardware server on host 'localhost' and port '3121'.
Reason: Connection refused
17:57:54 INFO  : Connected to target on host 'localhost' and port '3121'.
17:57:54 INFO  : 'targets -set -filter {jtag_cable_name =~ "Digilent Nexys4DDR 210292743973A" && level==0} -index 0' command is executed.
17:57:56 INFO  : FPGA configured successfully with bitstream "/mnt/seagate/Development/FPGA/MB_LED/MB_LED.sdk/design_gpio_led_wrapper_hw_platform_0/download.bit"
17:58:00 INFO  : System reset is completed.
18:05:09 INFO  : microblaze_0 Processor is in use. Please stop existing Run or Debug sessions before launching.
18:05:14 INFO  : System reset is completed.
18:24:22 ERROR : Unexpected error while parsing XMD response ￿: com.google.gson.JsonSyntaxException: com.google.gson.stream.MalformedJsonException: invalid number or unquoted string near 
18:54:31 INFO  : Launching XSDB server: xsdb -n /mnt/seagate/Installed/Xilinx/SDK/2015.4/scripts/xsdb/xsdb/xsdb-server.tcl
18:54:32 INFO  : XSDB server has started successfully.
18:54:32 INFO  : Processing command line option -hwspec /mnt/seagate/Development/FPGA/MB_LED/MB_LED.sdk/design_gpio_led_wrapper.hdf.
18:54:32 INFO  : Checking for hwspec changes in the project design_gpio_led_wrapper_hw_platform_0.
18:54:32 INFO  : SDK has detected change in the last modified timestamps for source hardware specification file Source:1451929993000,  Project:1451923143000
18:54:32 INFO  : The hardware specification for project 'design_gpio_led_wrapper_hw_platform_0' is different from /mnt/seagate/Development/FPGA/MB_LED/MB_LED.sdk/design_gpio_led_wrapper.hdf.
18:54:32 INFO  : Copied contents of /mnt/seagate/Development/FPGA/MB_LED/MB_LED.sdk/design_gpio_led_wrapper.hdf into /design_gpio_led_wrapper_hw_platform_0/system.hdf.
18:54:33 INFO  : Synchronizing projects in the workspace with the hardware platform specification changes.
18:54:34 ERROR : (XSDB Server)ERROR: [Hsi 55-1433] Error boost::filesystem::directory_iterator::construct: Permission denied: "/tmp/pulse-PKdhtXMmr18n"

18:54:34 ERROR : (XSDB Server)ERROR: [Hsi 55-1433] Error boost::filesystem::directory_iterator::construct: Permission denied: "/tmp/icedteaplugin-root-Xy8Qve"

18:54:34 ERROR : Failed to call sync_sw_with_hw_change
Reason: ERROR: [Common 17-39] 'hsi::open_sw_design' failed due to earlier errors.

18:54:34 ERROR : Error updating BSP project MSS files.
18:54:35 INFO  : Updating hardware inferred compiler options for hello_world.
18:54:35 INFO  : Clearing existing target manager status.
18:54:35 INFO  : Workspace synchronized with the new hardware specification file. Cleaning dependent projects...
18:54:36 WARN  : Linker script will not be updated automatically. Users need to update it manually.
18:55:03 ERROR : Failed to connect to hardware server on host 'localhost' and port '3121'.
Reason: Connection refused
18:55:41 INFO  : Connected to target on host 'localhost' and port '3121'.
18:55:41 INFO  : 'targets -set -filter {jtag_cable_name =~ "Digilent Nexys4DDR 210292743973A" && level==0} -index 0' command is executed.
18:55:44 INFO  : FPGA configured successfully with bitstream "/mnt/seagate/Development/FPGA/MB_LED/MB_LED.sdk/design_gpio_led_wrapper_hw_platform_0/download.bit"
18:55:55 INFO  : System reset is completed.
18:57:48 INFO  : microblaze_0 Processor is in use. Please stop existing Run or Debug sessions before launching.
18:57:53 INFO  : System reset is completed.
19:54:23 INFO  : SDK has detected change in the last modified timestamps for source hardware specification file Source:1451933647000,  Project:1451929993000
19:54:23 INFO  : Project design_gpio_led_wrapper_hw_platform_0's source hardware specification located at /mnt/seagate/Development/FPGA/MB_LED/MB_LED.sdk/design_gpio_led_wrapper.hdf is now different from the local copy.
		 The local copy will be replaced with the source specification and your workspace will be updated.
19:54:33 INFO  : Copied contents of /mnt/seagate/Development/FPGA/MB_LED/MB_LED.sdk/design_gpio_led_wrapper.hdf into /design_gpio_led_wrapper_hw_platform_0/system.hdf.
19:54:33 INFO  : Synchronizing projects in the workspace with the hardware platform specification changes.
19:54:34 ERROR : (XSDB Server)ERROR: [Hsi 55-1433] Error boost::filesystem::directory_iterator::construct: Permission denied: "/tmp/pulse-PKdhtXMmr18n"

19:54:34 ERROR : (XSDB Server)ERROR: [Hsi 55-1433] Error boost::filesystem::directory_iterator::construct: Permission denied: "/tmp/icedteaplugin-root-Xy8Qve"
ERROR: [Hsi 55-1403] /mnt/seagate/Development/FPGA/MB_LED/MB_LED.sdk/hello_world_bsp/system.mss line 45 - No IP instance named lite_slv_LFSR_0 present in hardware design

19:54:34 ERROR : (XSDB Server)ERROR: [Hsi 55-1452] Error: running open_sw_design.

19:54:34 ERROR : Failed to call sync_sw_with_hw_change
Reason: ERROR: [Common 17-39] 'hsi::open_sw_design' failed due to earlier errors.

19:54:35 ERROR : Error updating BSP project MSS files.
19:54:36 INFO  : Updating hardware inferred compiler options for hello_world.
19:54:36 INFO  : Clearing existing target manager status.
19:54:36 INFO  : Workspace synchronized with the new hardware specification file. Cleaning dependent projects...
19:54:36 WARN  : Linker script will not be updated automatically. Users need to update it manually.
19:54:45 INFO  : System reset is completed.
19:55:03 INFO  : microblaze_0 Processor is in use. Please stop existing Run or Debug sessions before launching.
19:55:06 INFO  : System reset is completed.
19:55:36 INFO  : microblaze_0 Processor is in use. Please stop existing Run or Debug sessions before launching.
19:55:38 INFO  : System reset is completed.
19:56:04 INFO  : System reset is completed.
19:56:13 ERROR : Unexpected error while parsing XMD response ￿: com.google.gson.JsonSyntaxException: com.google.gson.stream.MalformedJsonException: invalid number or unquoted string near 
19:56:34 INFO  : Launching XSDB server: xsdb -n /mnt/seagate/Installed/Xilinx/SDK/2015.4/scripts/xsdb/xsdb/xsdb-server.tcl
19:56:35 INFO  : XSDB server has started successfully.
19:56:35 INFO  : Processing command line option -hwspec /mnt/seagate/Development/FPGA/MB_LED/MB_LED.sdk/design_gpio_led_wrapper.hdf.
19:56:35 INFO  : Checking for hwspec changes in the project design_gpio_led_wrapper_hw_platform_0.
19:56:57 ERROR : Failed to connect to hardware server on host 'localhost' and port '3121'.
Reason: Connection refused
19:57:18 INFO  : Connected to target on host 'localhost' and port '3121'.
19:57:18 INFO  : 'targets -set -filter {jtag_cable_name =~ "Digilent Nexys4DDR 210292743973A" && level==0} -index 0' command is executed.
19:57:20 INFO  : FPGA configured successfully with bitstream "/mnt/seagate/Development/FPGA/MB_LED/MB_LED.sdk/design_gpio_led_wrapper_hw_platform_0/download.bit"
19:57:25 INFO  : System reset is completed.
19:57:34 INFO  : microblaze_0 Processor is in use. Please stop existing Run or Debug sessions before launching.
19:57:37 INFO  : System reset is completed.
22:21:53 INFO  : FPGA Cable Disconnected. All active launches will be terminated.
22:21:53 WARN  : Terminating existing sessions on processor microblaze_0
11:34:46 INFO  : Launching XSDB server: xsdb -n /mnt/seagate/Installed/Xilinx/SDK/2015.4/scripts/xsdb/xsdb/xsdb-server.tcl
11:34:48 INFO  : XSDB server has started successfully.
11:34:50 INFO  : Processing command line option -hwspec /mnt/seagate/Development/FPGA/MB_LED/MB_LED.sdk/design_gpio_led_wrapper.hdf.
11:34:50 INFO  : Checking for hwspec changes in the project design_gpio_led_wrapper_hw_platform_0.
11:34:50 INFO  : SDK has detected change in the last modified timestamps for source hardware specification file Source:1451989729000,  Project:1451933647000
11:34:50 INFO  : The hardware specification for project 'design_gpio_led_wrapper_hw_platform_0' is different from /mnt/seagate/Development/FPGA/MB_LED/MB_LED.sdk/design_gpio_led_wrapper.hdf.
11:34:50 INFO  : Copied contents of /mnt/seagate/Development/FPGA/MB_LED/MB_LED.sdk/design_gpio_led_wrapper.hdf into /design_gpio_led_wrapper_hw_platform_0/system.hdf.
11:34:51 INFO  : Synchronizing projects in the workspace with the hardware platform specification changes.
11:34:52 ERROR : (XSDB Server)ERROR: [Hsi 55-1433] Error boost::filesystem::directory_iterator::construct: Permission denied: "/tmp/pulse-PKdhtXMmr18n"

11:34:52 ERROR : (XSDB Server)ERROR: [Hsi 55-1403] /mnt/seagate/Development/FPGA/MB_LED/MB_LED.sdk/hello_world_bsp/system.mss line 45 - No IP instance named lite_slv_LFSR_0 present in hardware design

11:34:52 ERROR : (XSDB Server)ERROR: [Hsi 55-1452] Error: running open_sw_design.

11:34:52 ERROR : Failed to call sync_sw_with_hw_change
Reason: ERROR: [Common 17-39] 'hsi::open_sw_design' failed due to earlier errors.

11:34:52 ERROR : Error updating BSP project MSS files.
11:34:54 INFO  : Updating hardware inferred compiler options for hello_world.
11:34:54 INFO  : Clearing existing target manager status.
11:34:54 INFO  : Closing and re-opening the MSS file of ther project hello_world_bsp
11:34:54 INFO  : Workspace synchronized with the new hardware specification file. Cleaning dependent projects...
11:34:55 WARN  : Linker script will not be updated automatically. Users need to update it manually.
11:36:41 INFO  : Connected to target on host 'localhost' and port '3121'.
11:36:42 INFO  : 'targets -set -filter {jtag_cable_name =~ "Digilent Nexys4DDR 210292743973A" && level==0} -index 0' command is executed.
11:36:44 INFO  : FPGA configured successfully with bitstream "/mnt/seagate/Development/FPGA/MB_LED/MB_LED.sdk/design_gpio_led_wrapper_hw_platform_0/download.bit"
11:37:11 INFO  : System reset is completed.
13:26:40 INFO  : SDK has detected change in the last modified timestamps for source hardware specification file Source:1451996695000,  Project:1451989729000
13:26:41 INFO  : Project design_gpio_led_wrapper_hw_platform_0's source hardware specification located at /mnt/seagate/Development/FPGA/MB_LED/MB_LED.sdk/design_gpio_led_wrapper.hdf is now different from the local copy.
		 The local copy will be replaced with the source specification and your workspace will be updated.
13:26:43 INFO  : Copied contents of /mnt/seagate/Development/FPGA/MB_LED/MB_LED.sdk/design_gpio_led_wrapper.hdf into /design_gpio_led_wrapper_hw_platform_0/system.hdf.
13:26:44 INFO  : Synchronizing projects in the workspace with the hardware platform specification changes.
13:26:45 ERROR : (XSDB Server)ERROR: [Hsi 55-1433] Error boost::filesystem::directory_iterator::construct: Permission denied: "/tmp/pulse-PKdhtXMmr18n"

13:26:45 ERROR : (XSDB Server)ERROR: [Hsi 55-1403] /mnt/seagate/Development/FPGA/MB_LED/MB_LED.sdk/hello_world_bsp/system.mss line 45 - No IP instance named lite_slv_LFSR_0 present in hardware design

13:26:45 ERROR : (XSDB Server)ERROR: [Hsi 55-1452] Error: running open_sw_design.

13:26:45 ERROR : Failed to call sync_sw_with_hw_change
Reason: ERROR: [Common 17-39] 'hsi::open_sw_design' failed due to earlier errors.

13:26:45 ERROR : Error updating BSP project MSS files.
13:26:47 INFO  : Updating hardware inferred compiler options for hello_world.
13:26:47 INFO  : Clearing existing target manager status.
13:26:47 INFO  : Workspace synchronized with the new hardware specification file. Cleaning dependent projects...
13:26:47 WARN  : Linker script will not be updated automatically. Users need to update it manually.
13:27:02 ERROR : Unexpected error while parsing XMD response ￿: com.google.gson.JsonSyntaxException: com.google.gson.stream.MalformedJsonException: invalid number or unquoted string near 
13:27:25 INFO  : Launching XSDB server: xsdb -n /mnt/seagate/Installed/Xilinx/SDK/2015.4/scripts/xsdb/xsdb/xsdb-server.tcl
13:27:28 INFO  : XSDB server has started successfully.
13:27:29 INFO  : Processing command line option -hwspec /mnt/seagate/Development/FPGA/MB_LED/MB_LED.sdk/design_gpio_led_wrapper.hdf.
13:27:29 INFO  : Checking for hwspec changes in the project design_gpio_led_wrapper_hw_platform_0.
13:28:04 ERROR : Failed to connect to hardware server on host 'localhost' and port '3121'.
Reason: Connection refused
13:28:28 INFO  : Connected to target on host 'localhost' and port '3121'.
13:28:28 INFO  : 'targets -set -filter {jtag_cable_name =~ "Digilent Nexys4DDR 210292743973A" && level==0} -index 0' command is executed.
13:28:31 INFO  : FPGA configured successfully with bitstream "/mnt/seagate/Development/FPGA/MB_LED/MB_LED.sdk/design_gpio_led_wrapper_hw_platform_0/download.bit"
13:28:37 INFO  : System reset is completed.
13:36:33 ERROR : Unexpected error while parsing XMD response ￿: com.google.gson.JsonSyntaxException: com.google.gson.stream.MalformedJsonException: invalid number or unquoted string near 
13:36:57 INFO  : Launching XSDB server: xsdb -n /mnt/seagate/Installed/Xilinx/SDK/2015.4/scripts/xsdb/xsdb/xsdb-server.tcl
13:36:59 INFO  : XSDB server has started successfully.
13:37:00 INFO  : Processing command line option -hwspec /mnt/seagate/Development/FPGA/MB_LED/MB_LED.sdk/design_gpio_led_wrapper.hdf.
13:37:00 INFO  : Checking for hwspec changes in the project design_gpio_led_wrapper_hw_platform_0.
13:37:01 INFO  : SDK has detected change in the last modified timestamps for source hardware specification file Source:1451997346000,  Project:1451996695000
13:37:01 INFO  : The hardware specification for project 'design_gpio_led_wrapper_hw_platform_0' is different from /mnt/seagate/Development/FPGA/MB_LED/MB_LED.sdk/design_gpio_led_wrapper.hdf.
13:37:01 INFO  : Copied contents of /mnt/seagate/Development/FPGA/MB_LED/MB_LED.sdk/design_gpio_led_wrapper.hdf into /design_gpio_led_wrapper_hw_platform_0/system.hdf.
13:37:01 INFO  : Synchronizing projects in the workspace with the hardware platform specification changes.
13:37:02 ERROR : (XSDB Server)ERROR: [Hsi 55-1433] Error boost::filesystem::directory_iterator::construct: Permission denied: "/tmp/pulse-PKdhtXMmr18n"

13:37:02 ERROR : (XSDB Server)ERROR: [Hsi 55-1403] /mnt/seagate/Development/FPGA/MB_LED/MB_LED.sdk/hello_world_bsp/system.mss line 45 - No IP instance named lite_slv_LFSR_0 present in hardware design

13:37:02 ERROR : (XSDB Server)ERROR: [Hsi 55-1452] Error: running open_sw_design.

13:37:02 ERROR : Failed to call sync_sw_with_hw_change
Reason: ERROR: [Common 17-39] 'hsi::open_sw_design' failed due to earlier errors.

13:37:02 ERROR : Error updating BSP project MSS files.
13:37:04 INFO  : Updating hardware inferred compiler options for hello_world.
13:37:04 INFO  : Clearing existing target manager status.
13:37:04 INFO  : Workspace synchronized with the new hardware specification file. Cleaning dependent projects...
13:37:04 WARN  : Linker script will not be updated automatically. Users need to update it manually.
13:37:22 ERROR : Failed to connect to hardware server on host 'localhost' and port '3121'.
Reason: Connection refused
13:37:44 INFO  : Connected to target on host 'localhost' and port '3121'.
13:37:45 INFO  : 'targets -set -filter {jtag_cable_name =~ "Digilent Nexys4DDR 210292743973A" && level==0} -index 0' command is executed.
13:37:47 INFO  : FPGA configured successfully with bitstream "/mnt/seagate/Development/FPGA/MB_LED/MB_LED.sdk/design_gpio_led_wrapper_hw_platform_0/download.bit"
13:37:53 INFO  : System reset is completed.
